<?xml version="1.0" encoding="UTF-8"?>
<!-- Generated by org.testng.reporters.JUnitReportReporter -->
<testsuite skipped="0" hostname="Lenovo" name="demo3.ExecutionClass" tests="1" failures="0" timestamp="10 Apr 2024 10:15:19 GMT" time="107.837" errors="0">
  <testcase name="method1" time="107.837" classname="demo3.ExecutionClass"/>
</testsuite> <!-- demo3.ExecutionClass -->
