<?xml version="1.0" encoding="UTF-8"?>
<!-- Generated by org.testng.reporters.JUnitReportReporter -->
<testsuite skipped="0" hostname="Lenovo" name="demo4.class4" tests="2" failures="0" timestamp="15 Apr 2024 10:48:36 GMT" time="50.479" errors="0">
  <testcase name="Quit" time="1.254" classname="demo4.class4"/>
  <testcase name="launching" time="49.225" classname="demo4.class4"/>
</testsuite> <!-- demo4.class4 -->
