<?xml version="1.0" encoding="UTF-8"?>
<!-- Generated by org.testng.reporters.JUnitReportReporter -->
<testsuite skipped="0" hostname="Lenovo" name="TestNG.parallelTest" tests="3" failures="0" timestamp="06 Apr 2024 06:58:53 GMT" time="150.242" errors="0">
  <testcase name="openmythra" time="41.393" classname="TestNG.parallelTest"/>
  <testcase name="openAmazon" time="84.491" classname="TestNG.parallelTest"/>
  <testcase name="openFlipkart" time="24.358" classname="TestNG.parallelTest"/>
</testsuite> <!-- TestNG.parallelTest -->
